<?xml version="1.0" encoding="UTF-8"?>
<!-- Generated by org.testng.reporters.JUnitReportReporter -->
<testsuite hostname="LAPTOP-K8UAAH81" failures="0" tests="4" name="dockerIntegration.ChromeTest1" time="157.310" errors="0" timestamp="2022-05-10T00:16:36 BST" skipped="0">
  <testcase classname="dockerIntegration.ChromeTest1" name="test1" time="28.046"/>
  <system-out/>
  <testcase classname="dockerIntegration.ChromeTest1" name="test2" time="37.645"/>
  <system-out/>
  <testcase classname="dockerIntegration.ChromeTest1" name="test4" time="45.863"/>
  <system-out/>
  <testcase classname="dockerIntegration.ChromeTest1" name="test3" time="45.756"/>
  <system-out/>
</testsuite> <!-- dockerIntegration.ChromeTest1 -->
